[0.036s] Invoking command in '/home/ubuntu/marrtinorobot2_ws/build/builtin_interfaces': CMAKE_PREFIX_PATH=${CMAKE_PREFIX_PATH}:/opt/ros/humble /usr/bin/cmake /home/ubuntu/marrtinorobot2_ws/src/ros2/rcl_interfaces/builtin_interfaces -DBUILD_TESTING=OFF -DBUILD_SHARED_LIBS=ON -DCMAKE_INSTALL_PREFIX=/home/ubuntu/marrtinorobot2_ws/install/builtin_interfaces
[0.114s] -- The C compiler identification is GNU 11.4.0
[0.199s] -- The CXX compiler identification is GNU 11.4.0
[0.207s] -- Detecting C compiler ABI info
[0.303s] -- Detecting C compiler ABI info - done
[0.324s] -- Check for working C compiler: /usr/bin/cc - skipped
[0.324s] -- Detecting C compile features
[0.324s] -- Detecting C compile features - done
[0.329s] -- Detecting CXX compiler ABI info
[0.440s] -- Detecting CXX compiler ABI info - done
[0.449s] -- Check for working CXX compiler: /usr/bin/c++ - skipped
[0.449s] -- Detecting CXX compile features
[0.449s] -- Detecting CXX compile features - done
[0.452s] -- Found ament_cmake: 1.3.10 (/opt/ros/humble/share/ament_cmake/cmake)
[0.656s] -- Found Python3: /usr/bin/python3 (found version "3.10.12") found components: Interpreter 
[0.756s] [31mCMake Error at CMakeLists.txt:17 (find_package):
[0.756s]   By not providing "Findrosidl_core_generators.cmake" in CMAKE_MODULE_PATH
[0.756s]   this project has asked CMake to find a package configuration file provided
[0.757s]   by "rosidl_core_generators", but CMake did not find one.
[0.757s] 
[0.757s]   Could not find a package configuration file provided by
[0.757s]   "rosidl_core_generators" with any of the following names:
[0.757s] 
[0.757s] -- Configuring incomplete, errors occurred!
[0.757s] See also "/home/ubuntu/marrtinorobot2_ws/build/builtin_interfaces/CMakeFiles/CMakeOutput.log".
[0.757s]     rosidl_core_generatorsConfig.cmake
[0.757s]     rosidl_core_generators-config.cmake
[0.757s] 
[0.757s]   Add the installation prefix of "rosidl_core_generators" to
[0.758s]   CMAKE_PREFIX_PATH or set "rosidl_core_generators_DIR" to a directory
[0.758s]   containing one of the above files.  If "rosidl_core_generators" provides a
[0.758s]   separate development package or SDK, be sure it has been installed.
[0.758s] 
[0.758s] [0m
[0.763s] Invoked command in '/home/ubuntu/marrtinorobot2_ws/build/builtin_interfaces' returned '1': CMAKE_PREFIX_PATH=${CMAKE_PREFIX_PATH}:/opt/ros/humble /usr/bin/cmake /home/ubuntu/marrtinorobot2_ws/src/ros2/rcl_interfaces/builtin_interfaces -DBUILD_TESTING=OFF -DBUILD_SHARED_LIBS=ON -DCMAKE_INSTALL_PREFIX=/home/ubuntu/marrtinorobot2_ws/install/builtin_interfaces
