[0.007s] Invoking command in '/home/ubuntu/marrtinorobot2_ws/build/microcdr': /usr/bin/cmake /home/ubuntu/marrtinorobot2_ws/src/eProsima/Micro-CDR -DBUILD_TESTING=OFF -DBUILD_SHARED_LIBS=ON -DUCDR_ISOLATED_INSTALL=OFF -DBUILD_SHARED_LIBS=ON -DCMAKE_INSTALL_PREFIX=/home/ubuntu/marrtinorobot2_ws/install/microcdr
[0.015s] -- Setting build type to 'Release' as none was specified.
[0.053s] -- The C compiler identification is GNU 11.4.0
[0.059s] -- Detecting C compiler ABI info
[0.106s] -- Detecting C compiler ABI info - done
[0.112s] -- Check for working C compiler: /usr/bin/cc - skipped
[0.112s] -- Detecting C compile features
[0.112s] -- Detecting C compile features - done
[0.150s] -- The CXX compiler identification is GNU 11.4.0
[0.155s] -- Detecting CXX compiler ABI info
[0.209s] -- Detecting CXX compiler ABI info - done
[0.214s] -- Check for working CXX compiler: /usr/bin/c++ - skipped
[0.214s] -- Detecting CXX compile features
[0.215s] -- Detecting CXX compile features - done
[0.220s] -- Configuring done
[0.222s] -- Generating done
[0.222s] [33mCMake Warning:
[0.222s]   Manually-specified variables were not used by the project:
[0.222s] 
[0.222s]     BUILD_TESTING
[0.222s] 
[0.222s] [0m
[0.223s] -- Build files have been written to: /home/ubuntu/marrtinorobot2_ws/build/microcdr
[0.226s] Invoked command in '/home/ubuntu/marrtinorobot2_ws/build/microcdr' returned '0': /usr/bin/cmake /home/ubuntu/marrtinorobot2_ws/src/eProsima/Micro-CDR -DBUILD_TESTING=OFF -DBUILD_SHARED_LIBS=ON -DUCDR_ISOLATED_INSTALL=OFF -DBUILD_SHARED_LIBS=ON -DCMAKE_INSTALL_PREFIX=/home/ubuntu/marrtinorobot2_ws/install/microcdr
[0.227s] Invoking command in '/home/ubuntu/marrtinorobot2_ws/build/microcdr': /usr/bin/cmake --build /home/ubuntu/marrtinorobot2_ws/build/microcdr -- -j8 -l8
[0.262s] [ 12%] [34m[1mCreating directories for 'ucdr'[0m
[0.310s] [ 25%] [34m[1mNo download step for 'ucdr'[0m
[0.326s] [ 37%] [34m[1mNo update step for 'ucdr'[0m
[0.341s] [ 50%] [34m[1mNo patch step for 'ucdr'[0m
[0.356s] [ 62%] [34m[1mPerforming configure step for 'ucdr'[0m
[0.362s] loading initial cache file /home/ubuntu/marrtinorobot2_ws/build/microcdr/ucdr-prefix/tmp/ucdr-cache-Release.cmake
[0.369s] -- Configuring done
[0.373s] -- Generating done
[0.375s] -- Build files have been written to: /home/ubuntu/marrtinorobot2_ws/build/microcdr
[0.386s] [ 75%] [34m[1mPerforming build step for 'ucdr'[0m
[0.418s] [ 50%] [32mBuilding C object CMakeFiles/microcdr.dir/src/c/types/array.c.o[0m
[0.418s] [ 50%] [32mBuilding C object CMakeFiles/microcdr.dir/src/c/types/string.c.o[0m
[0.418s] [ 50%] [32mBuilding C object CMakeFiles/microcdr.dir/src/c/common.c.o[0m
[0.418s] [ 66%] [32mBuilding C object CMakeFiles/microcdr.dir/src/c/types/basic.c.o[0m
[0.420s] [ 83%] [32mBuilding C object CMakeFiles/microcdr.dir/src/c/types/sequence.c.o[0m
[0.796s] [100%] [32m[1mLinking C shared library libmicrocdr.so[0m
[0.836s] [100%] Built target microcdr
[0.852s] [34m[1mNo install step for 'ucdr'[0m
[0.868s] [34m[1mCompleted 'ucdr'[0m
[0.888s] Built target ucdr
[0.895s] Invoked command in '/home/ubuntu/marrtinorobot2_ws/build/microcdr' returned '0': /usr/bin/cmake --build /home/ubuntu/marrtinorobot2_ws/build/microcdr -- -j8 -l8
[0.901s] Invoking command in '/home/ubuntu/marrtinorobot2_ws/build/microcdr': /usr/bin/cmake --install /home/ubuntu/marrtinorobot2_ws/build/microcdr
[0.906s] -- Install configuration: "Release"
[0.906s] -- Installing: /home/ubuntu/marrtinorobot2_ws/install/microcdr/lib/libmicrocdr.so.2.0.1
[0.907s] -- Installing: /home/ubuntu/marrtinorobot2_ws/install/microcdr/lib/libmicrocdr.so.2.0
[0.907s] -- Installing: /home/ubuntu/marrtinorobot2_ws/install/microcdr/lib/libmicrocdr.so
[0.907s] -- Installing: /home/ubuntu/marrtinorobot2_ws/install/microcdr/include/ucdr
[0.907s] -- Installing: /home/ubuntu/marrtinorobot2_ws/install/microcdr/include/ucdr/microcdr.h
[0.907s] -- Installing: /home/ubuntu/marrtinorobot2_ws/install/microcdr/include/ucdr/visibility.h
[0.907s] -- Installing: /home/ubuntu/marrtinorobot2_ws/install/microcdr/include/ucdr/config.h
[0.907s] -- Installing: /home/ubuntu/marrtinorobot2_ws/install/microcdr/share/microcdr/cmake/microcdrTargets.cmake
[0.907s] -- Installing: /home/ubuntu/marrtinorobot2_ws/install/microcdr/share/microcdr/cmake/microcdrTargets-release.cmake
[0.907s] -- Installing: /home/ubuntu/marrtinorobot2_ws/install/microcdr/share/microcdr/cmake/microcdrConfig.cmake
[0.907s] -- Installing: /home/ubuntu/marrtinorobot2_ws/install/microcdr/share/microcdr/cmake/microcdrConfigVersion.cmake
[0.910s] Invoked command in '/home/ubuntu/marrtinorobot2_ws/build/microcdr' returned '0': /usr/bin/cmake --install /home/ubuntu/marrtinorobot2_ws/build/microcdr
