[0.006s] Invoking command in '/home/ubuntu/marrtinorobot2_ws/build/rosidl_typesupport_microxrcedds_c': CMAKE_PREFIX_PATH=/home/ubuntu/marrtinorobot2_ws/install/microcdr:/home/ubuntu/marrtinorobot2_ws/install/micro_ros_setup:/opt/ros/humble LD_LIBRARY_PATH=/home/ubuntu/marrtinorobot2_ws/install/microcdr/lib:${LD_LIBRARY_PATH} /usr/bin/cmake /home/ubuntu/marrtinorobot2_ws/src/uros/rosidl_typesupport_microxrcedds/rosidl_typesupport_microxrcedds_c -DBUILD_TESTING=OFF -DBUILD_SHARED_LIBS=ON -DBUILD_SHARED_LIBS=ON -DCMAKE_INSTALL_PREFIX=/home/ubuntu/marrtinorobot2_ws/install/rosidl_typesupport_microxrcedds_c
[0.046s] -- The C compiler identification is GNU 11.4.0
[0.051s] -- Detecting C compiler ABI info
[0.099s] -- Detecting C compiler ABI info - done
[0.104s] -- Check for working C compiler: /usr/bin/cc - skipped
[0.105s] -- Detecting C compile features
[0.105s] -- Detecting C compile features - done
[0.107s] -- Found ament_cmake: 1.3.10 (/opt/ros/humble/share/ament_cmake/cmake)
[0.205s] -- Found Python3: /usr/bin/python3 (found version "3.10.12") found components: Interpreter 
[0.263s] -- Found rosidl_runtime_c: 3.1.5 (/opt/ros/humble/share/rosidl_runtime_c/cmake)
[0.372s] -- Configuring done
[0.376s] -- Generating done
[0.378s] -- Build files have been written to: /home/ubuntu/marrtinorobot2_ws/build/rosidl_typesupport_microxrcedds_c
[0.381s] Invoked command in '/home/ubuntu/marrtinorobot2_ws/build/rosidl_typesupport_microxrcedds_c' returned '0': CMAKE_PREFIX_PATH=/home/ubuntu/marrtinorobot2_ws/install/microcdr:/home/ubuntu/marrtinorobot2_ws/install/micro_ros_setup:/opt/ros/humble LD_LIBRARY_PATH=/home/ubuntu/marrtinorobot2_ws/install/microcdr/lib:${LD_LIBRARY_PATH} /usr/bin/cmake /home/ubuntu/marrtinorobot2_ws/src/uros/rosidl_typesupport_microxrcedds/rosidl_typesupport_microxrcedds_c -DBUILD_TESTING=OFF -DBUILD_SHARED_LIBS=ON -DBUILD_SHARED_LIBS=ON -DCMAKE_INSTALL_PREFIX=/home/ubuntu/marrtinorobot2_ws/install/rosidl_typesupport_microxrcedds_c
[0.382s] Invoking command in '/home/ubuntu/marrtinorobot2_ws/build/rosidl_typesupport_microxrcedds_c': CMAKE_PREFIX_PATH=/home/ubuntu/marrtinorobot2_ws/install/microcdr:/home/ubuntu/marrtinorobot2_ws/install/micro_ros_setup:/opt/ros/humble LD_LIBRARY_PATH=/home/ubuntu/marrtinorobot2_ws/install/microcdr/lib:${LD_LIBRARY_PATH} /usr/bin/cmake --build /home/ubuntu/marrtinorobot2_ws/build/rosidl_typesupport_microxrcedds_c -- -j8 -l8
[0.416s] [ 50%] [32mBuilding C object CMakeFiles/rosidl_typesupport_microxrcedds_c.dir/src/identifier.c.o[0m
[0.422s] [ 50%] Built target ament_cmake_python_copy_rosidl_typesupport_microxrcedds_c
[0.429s] [100%] [32m[1mLinking C shared library librosidl_typesupport_microxrcedds_c.so[0m
[0.449s] [100%] Built target rosidl_typesupport_microxrcedds_c
[0.553s] running egg_info
[0.554s] creating rosidl_typesupport_microxrcedds_c.egg-info
[0.554s] writing rosidl_typesupport_microxrcedds_c.egg-info/PKG-INFO
[0.554s] writing dependency_links to rosidl_typesupport_microxrcedds_c.egg-info/dependency_links.txt
[0.554s] writing top-level names to rosidl_typesupport_microxrcedds_c.egg-info/top_level.txt
[0.554s] writing manifest file 'rosidl_typesupport_microxrcedds_c.egg-info/SOURCES.txt'
[0.556s] reading manifest file 'rosidl_typesupport_microxrcedds_c.egg-info/SOURCES.txt'
[0.557s] writing manifest file 'rosidl_typesupport_microxrcedds_c.egg-info/SOURCES.txt'
[0.574s] [100%] Built target ament_cmake_python_build_rosidl_typesupport_microxrcedds_c_egg
[0.582s] Invoked command in '/home/ubuntu/marrtinorobot2_ws/build/rosidl_typesupport_microxrcedds_c' returned '0': CMAKE_PREFIX_PATH=/home/ubuntu/marrtinorobot2_ws/install/microcdr:/home/ubuntu/marrtinorobot2_ws/install/micro_ros_setup:/opt/ros/humble LD_LIBRARY_PATH=/home/ubuntu/marrtinorobot2_ws/install/microcdr/lib:${LD_LIBRARY_PATH} /usr/bin/cmake --build /home/ubuntu/marrtinorobot2_ws/build/rosidl_typesupport_microxrcedds_c -- -j8 -l8
[0.583s] Invoking command in '/home/ubuntu/marrtinorobot2_ws/build/rosidl_typesupport_microxrcedds_c': CMAKE_PREFIX_PATH=/home/ubuntu/marrtinorobot2_ws/install/microcdr:/home/ubuntu/marrtinorobot2_ws/install/micro_ros_setup:/opt/ros/humble LD_LIBRARY_PATH=/home/ubuntu/marrtinorobot2_ws/install/microcdr/lib:${LD_LIBRARY_PATH} /usr/bin/cmake --install /home/ubuntu/marrtinorobot2_ws/build/rosidl_typesupport_microxrcedds_c
[0.588s] -- Install configuration: ""
[0.588s] -- Installing: /home/ubuntu/marrtinorobot2_ws/install/rosidl_typesupport_microxrcedds_c/share/rosidl_typesupport_microxrcedds_c/environment/pythonpath.sh
[0.588s] -- Installing: /home/ubuntu/marrtinorobot2_ws/install/rosidl_typesupport_microxrcedds_c/share/rosidl_typesupport_microxrcedds_c/environment/pythonpath.dsv
[0.589s] -- Installing: /home/ubuntu/marrtinorobot2_ws/install/rosidl_typesupport_microxrcedds_c/local/lib/python3.10/dist-packages/rosidl_typesupport_microxrcedds_c-5.0.1-py3.10.egg-info
[0.589s] -- Installing: /home/ubuntu/marrtinorobot2_ws/install/rosidl_typesupport_microxrcedds_c/local/lib/python3.10/dist-packages/rosidl_typesupport_microxrcedds_c-5.0.1-py3.10.egg-info/SOURCES.txt
[0.589s] -- Installing: /home/ubuntu/marrtinorobot2_ws/install/rosidl_typesupport_microxrcedds_c/local/lib/python3.10/dist-packages/rosidl_typesupport_microxrcedds_c-5.0.1-py3.10.egg-info/dependency_links.txt
[0.589s] -- Installing: /home/ubuntu/marrtinorobot2_ws/install/rosidl_typesupport_microxrcedds_c/local/lib/python3.10/dist-packages/rosidl_typesupport_microxrcedds_c-5.0.1-py3.10.egg-info/top_level.txt
[0.589s] -- Installing: /home/ubuntu/marrtinorobot2_ws/install/rosidl_typesupport_microxrcedds_c/local/lib/python3.10/dist-packages/rosidl_typesupport_microxrcedds_c-5.0.1-py3.10.egg-info/PKG-INFO
[0.589s] -- Installing: /home/ubuntu/marrtinorobot2_ws/install/rosidl_typesupport_microxrcedds_c/local/lib/python3.10/dist-packages/rosidl_typesupport_microxrcedds_c
[0.589s] -- Installing: /home/ubuntu/marrtinorobot2_ws/install/rosidl_typesupport_microxrcedds_c/local/lib/python3.10/dist-packages/rosidl_typesupport_microxrcedds_c/__init__.py
[0.622s] Listing '/home/ubuntu/marrtinorobot2_ws/install/rosidl_typesupport_microxrcedds_c/local/lib/python3.10/dist-packages/rosidl_typesupport_microxrcedds_c'...
[0.622s] Compiling '/home/ubuntu/marrtinorobot2_ws/install/rosidl_typesupport_microxrcedds_c/local/lib/python3.10/dist-packages/rosidl_typesupport_microxrcedds_c/__init__.py'...
[0.622s] -- Installing: /home/ubuntu/marrtinorobot2_ws/install/rosidl_typesupport_microxrcedds_c/share/rosidl_typesupport_microxrcedds_c/environment/library_path.sh
[0.623s] -- Installing: /home/ubuntu/marrtinorobot2_ws/install/rosidl_typesupport_microxrcedds_c/share/rosidl_typesupport_microxrcedds_c/environment/library_path.dsv
[0.623s] -- Installing: /home/ubuntu/marrtinorobot2_ws/install/rosidl_typesupport_microxrcedds_c/share/ament_index/resource_index/rosidl_typesupport_c/rosidl_typesupport_microxrcedds_c
[0.623s] -- Installing: /home/ubuntu/marrtinorobot2_ws/install/rosidl_typesupport_microxrcedds_c/share/ament_index/resource_index/package_run_dependencies/rosidl_typesupport_microxrcedds_c
[0.623s] -- Installing: /home/ubuntu/marrtinorobot2_ws/install/rosidl_typesupport_microxrcedds_c/share/ament_index/resource_index/parent_prefix_path/rosidl_typesupport_microxrcedds_c
[0.623s] -- Installing: /home/ubuntu/marrtinorobot2_ws/install/rosidl_typesupport_microxrcedds_c/share/rosidl_typesupport_microxrcedds_c/environment/ament_prefix_path.sh
[0.623s] -- Installing: /home/ubuntu/marrtinorobot2_ws/install/rosidl_typesupport_microxrcedds_c/share/rosidl_typesupport_microxrcedds_c/environment/ament_prefix_path.dsv
[0.623s] -- Installing: /home/ubuntu/marrtinorobot2_ws/install/rosidl_typesupport_microxrcedds_c/share/rosidl_typesupport_microxrcedds_c/environment/path.sh
[0.623s] -- Installing: /home/ubuntu/marrtinorobot2_ws/install/rosidl_typesupport_microxrcedds_c/share/rosidl_typesupport_microxrcedds_c/environment/path.dsv
[0.624s] -- Installing: /home/ubuntu/marrtinorobot2_ws/install/rosidl_typesupport_microxrcedds_c/share/rosidl_typesupport_microxrcedds_c/local_setup.bash
[0.624s] -- Installing: /home/ubuntu/marrtinorobot2_ws/install/rosidl_typesupport_microxrcedds_c/share/rosidl_typesupport_microxrcedds_c/local_setup.sh
[0.624s] -- Installing: /home/ubuntu/marrtinorobot2_ws/install/rosidl_typesupport_microxrcedds_c/share/rosidl_typesupport_microxrcedds_c/local_setup.zsh
[0.624s] -- Installing: /home/ubuntu/marrtinorobot2_ws/install/rosidl_typesupport_microxrcedds_c/share/rosidl_typesupport_microxrcedds_c/local_setup.dsv
[0.625s] -- Installing: /home/ubuntu/marrtinorobot2_ws/install/rosidl_typesupport_microxrcedds_c/share/rosidl_typesupport_microxrcedds_c/package.dsv
[0.627s] -- Installing: /home/ubuntu/marrtinorobot2_ws/install/rosidl_typesupport_microxrcedds_c/share/ament_index/resource_index/packages/rosidl_typesupport_microxrcedds_c
[0.628s] -- Installing: /home/ubuntu/marrtinorobot2_ws/install/rosidl_typesupport_microxrcedds_c/share/rosidl_typesupport_microxrcedds_c/cmake/rosidl_typesupport_microxrcedds_cExport.cmake
[0.628s] -- Installing: /home/ubuntu/marrtinorobot2_ws/install/rosidl_typesupport_microxrcedds_c/share/rosidl_typesupport_microxrcedds_c/cmake/rosidl_typesupport_microxrcedds_cExport-noconfig.cmake
[0.628s] -- Installing: /home/ubuntu/marrtinorobot2_ws/install/rosidl_typesupport_microxrcedds_c/share/rosidl_typesupport_microxrcedds_c/cmake/rosidl_typesupport_microxrcedds_c-extras.cmake
[0.628s] -- Installing: /home/ubuntu/marrtinorobot2_ws/install/rosidl_typesupport_microxrcedds_c/share/rosidl_typesupport_microxrcedds_c/cmake/ament_cmake_export_dependencies-extras.cmake
[0.628s] -- Installing: /home/ubuntu/marrtinorobot2_ws/install/rosidl_typesupport_microxrcedds_c/share/rosidl_typesupport_microxrcedds_c/cmake/ament_cmake_export_include_directories-extras.cmake
[0.628s] -- Installing: /home/ubuntu/marrtinorobot2_ws/install/rosidl_typesupport_microxrcedds_c/share/rosidl_typesupport_microxrcedds_c/cmake/ament_cmake_export_libraries-extras.cmake
[0.628s] -- Installing: /home/ubuntu/marrtinorobot2_ws/install/rosidl_typesupport_microxrcedds_c/share/rosidl_typesupport_microxrcedds_c/cmake/ament_cmake_export_targets-extras.cmake
[0.628s] -- Installing: /home/ubuntu/marrtinorobot2_ws/install/rosidl_typesupport_microxrcedds_c/share/rosidl_typesupport_microxrcedds_c/cmake/rosidl_typesupport_microxrcedds_cConfig.cmake
[0.629s] -- Installing: /home/ubuntu/marrtinorobot2_ws/install/rosidl_typesupport_microxrcedds_c/share/rosidl_typesupport_microxrcedds_c/cmake/rosidl_typesupport_microxrcedds_cConfig-version.cmake
[0.629s] -- Installing: /home/ubuntu/marrtinorobot2_ws/install/rosidl_typesupport_microxrcedds_c/share/rosidl_typesupport_microxrcedds_c/package.xml
[0.629s] -- Installing: /home/ubuntu/marrtinorobot2_ws/install/rosidl_typesupport_microxrcedds_c/lib/rosidl_typesupport_microxrcedds_c/rosidl_typesupport_microxrcedds_c
[0.629s] -- Up-to-date: /home/ubuntu/marrtinorobot2_ws/install/rosidl_typesupport_microxrcedds_c/share/rosidl_typesupport_microxrcedds_c/cmake
[0.629s] -- Installing: /home/ubuntu/marrtinorobot2_ws/install/rosidl_typesupport_microxrcedds_c/share/rosidl_typesupport_microxrcedds_c/cmake/rosidl_typesupport_microxrcedds_c_generate_interfaces.cmake
[0.629s] -- Installing: /home/ubuntu/marrtinorobot2_ws/install/rosidl_typesupport_microxrcedds_c/share/rosidl_typesupport_microxrcedds_c/resource
[0.629s] -- Installing: /home/ubuntu/marrtinorobot2_ws/install/rosidl_typesupport_microxrcedds_c/share/rosidl_typesupport_microxrcedds_c/resource/srv__rosidl_typesupport_microxrcedds_c.h.em
[0.629s] -- Installing: /home/ubuntu/marrtinorobot2_ws/install/rosidl_typesupport_microxrcedds_c/share/rosidl_typesupport_microxrcedds_c/resource/msg__rosidl_typesupport_microxrcedds_c.h.em
[0.629s] -- Installing: /home/ubuntu/marrtinorobot2_ws/install/rosidl_typesupport_microxrcedds_c/share/rosidl_typesupport_microxrcedds_c/resource/idl__rosidl_typesupport_microxrcedds_c.h.em
[0.629s] -- Installing: /home/ubuntu/marrtinorobot2_ws/install/rosidl_typesupport_microxrcedds_c/share/rosidl_typesupport_microxrcedds_c/resource/idl__type_support_c.c.em
[0.629s] -- Installing: /home/ubuntu/marrtinorobot2_ws/install/rosidl_typesupport_microxrcedds_c/share/rosidl_typesupport_microxrcedds_c/resource/srv__type_support_c.c.em
[0.630s] -- Installing: /home/ubuntu/marrtinorobot2_ws/install/rosidl_typesupport_microxrcedds_c/share/rosidl_typesupport_microxrcedds_c/resource/msg__type_support_c.c.em
[0.630s] -- Installing: /home/ubuntu/marrtinorobot2_ws/install/rosidl_typesupport_microxrcedds_c/share/rosidl_typesupport_microxrcedds_c/resource/rosidl_typesupport_microxrcedds_c__visibility_control.h.in
[0.630s] -- Installing: /home/ubuntu/marrtinorobot2_ws/install/rosidl_typesupport_microxrcedds_c/include
[0.630s] -- Installing: /home/ubuntu/marrtinorobot2_ws/install/rosidl_typesupport_microxrcedds_c/include/rosidl_typesupport_microxrcedds_c
[0.630s] -- Installing: /home/ubuntu/marrtinorobot2_ws/install/rosidl_typesupport_microxrcedds_c/include/rosidl_typesupport_microxrcedds_c/visibility_control.h
[0.630s] -- Installing: /home/ubuntu/marrtinorobot2_ws/install/rosidl_typesupport_microxrcedds_c/include/rosidl_typesupport_microxrcedds_c/service_type_support.h
[0.630s] -- Installing: /home/ubuntu/marrtinorobot2_ws/install/rosidl_typesupport_microxrcedds_c/include/rosidl_typesupport_microxrcedds_c/message_type_support.h
[0.630s] -- Installing: /home/ubuntu/marrtinorobot2_ws/install/rosidl_typesupport_microxrcedds_c/include/rosidl_typesupport_microxrcedds_c/identifier.h
[0.633s] -- Installing: /home/ubuntu/marrtinorobot2_ws/install/rosidl_typesupport_microxrcedds_c/lib/librosidl_typesupport_microxrcedds_c.so
[0.633s] -- Set runtime path of "/home/ubuntu/marrtinorobot2_ws/install/rosidl_typesupport_microxrcedds_c/lib/librosidl_typesupport_microxrcedds_c.so" to ""
[0.637s] Invoked command in '/home/ubuntu/marrtinorobot2_ws/build/rosidl_typesupport_microxrcedds_c' returned '0': CMAKE_PREFIX_PATH=/home/ubuntu/marrtinorobot2_ws/install/microcdr:/home/ubuntu/marrtinorobot2_ws/install/micro_ros_setup:/opt/ros/humble LD_LIBRARY_PATH=/home/ubuntu/marrtinorobot2_ws/install/microcdr/lib:${LD_LIBRARY_PATH} /usr/bin/cmake --install /home/ubuntu/marrtinorobot2_ws/build/rosidl_typesupport_microxrcedds_c
