[0.041s] Invoking command in '/home/ubuntu/marrtinorobot2_ws/build/unique_identifier_msgs': CMAKE_PREFIX_PATH=${CMAKE_PREFIX_PATH}:/opt/ros/humble /usr/bin/cmake /home/ubuntu/marrtinorobot2_ws/src/ros2/unique_identifier_msgs -DBUILD_TESTING=OFF -DBUILD_SHARED_LIBS=ON -DCMAKE_INSTALL_PREFIX=/home/ubuntu/marrtinorobot2_ws/install/unique_identifier_msgs
[0.431s] -- The C compiler identification is GNU 11.4.0
[0.431s] -- The CXX compiler identification is GNU 11.4.0
[0.431s] -- Detecting C compiler ABI info
[0.431s] -- Detecting C compiler ABI info - done
[0.431s] -- Check for working C compiler: /usr/bin/cc - skipped
[0.431s] -- Detecting C compile features
[0.431s] -- Detecting C compile features - done
[0.432s] -- Detecting CXX compiler ABI info
[0.527s] -- Detecting CXX compiler ABI info - done
[0.538s] -- Check for working CXX compiler: /usr/bin/c++ - skipped
[0.539s] -- Detecting CXX compile features
[0.540s] -- Detecting CXX compile features - done
[0.554s] -- Found ament_cmake: 1.3.10 (/opt/ros/humble/share/ament_cmake/cmake)
[0.724s] -- Found Python3: /usr/bin/python3 (found version "3.10.12") found components: Interpreter 
[0.838s] [31mCMake Error at CMakeLists.txt:18 (find_package):
[0.838s]   By not providing "Findrosidl_core_generators.cmake" in CMAKE_MODULE_PATH
[0.838s]   this project has asked CMake to find a package configuration file provided
[0.839s]   by "rosidl_core_generators", but CMake did not find one.
[0.839s] 
[0.839s]   Could not find a package configuration file provided by
[0.839s]   "rosidl_core_generators" with any of the following names:
[0.839s] 
[0.839s]     rosidl_core_generatorsConfig.cmake
[0.839s]     rosidl_core_generators-config.cmake
[0.839s] 
[0.839s]   Add the installation prefix of "rosidl_core_generators" to
[0.839s]   CMAKE_PREFIX_PATH or set "rosidl_core_generators_DIR" to a directory
[0.839s]   containing one of the above files.  If "rosidl_core_generators" provides a
[0.839s]   separate development package or SDK, be sure it has been installed.
[0.840s] 
[0.840s] [0m
[0.840s] -- Configuring incomplete, errors occurred!
[0.840s] See also "/home/ubuntu/marrtinorobot2_ws/build/unique_identifier_msgs/CMakeFiles/CMakeOutput.log".
[0.879s] Invoked command in '/home/ubuntu/marrtinorobot2_ws/build/unique_identifier_msgs' returned '1': CMAKE_PREFIX_PATH=${CMAKE_PREFIX_PATH}:/opt/ros/humble /usr/bin/cmake /home/ubuntu/marrtinorobot2_ws/src/ros2/unique_identifier_msgs -DBUILD_TESTING=OFF -DBUILD_SHARED_LIBS=ON -DCMAKE_INSTALL_PREFIX=/home/ubuntu/marrtinorobot2_ws/install/unique_identifier_msgs
