[0.072s] DEBUG:colcon:Command line arguments: ['/usr/bin/colcon', 'build']
[0.072s] DEBUG:colcon:Parsed command line arguments: Namespace(log_base=None, log_level=None, verb_name='build', build_base='build', install_base='install', merge_install=False, symlink_install=False, test_result_base=None, continue_on_error=False, executor='parallel', parallel_workers=8, event_handlers=None, ignore_user_meta=False, metas=['./colcon.meta'], base_paths=['.'], packages_ignore=None, packages_ignore_regex=None, paths=None, packages_up_to=None, packages_up_to_regex=None, packages_above=None, packages_above_and_dependencies=None, packages_above_depth=None, packages_select_by_dep=None, packages_skip_by_dep=None, packages_skip_up_to=None, packages_select_build_failed=False, packages_skip_build_finished=False, packages_select_test_failures=False, packages_skip_test_passed=False, packages_select=None, packages_skip=None, packages_select_regex=None, packages_skip_regex=None, packages_start=None, packages_end=None, cmake_args=None, cmake_target=None, cmake_target_skip_unavailable=False, cmake_clean_cache=False, cmake_clean_first=False, cmake_force_configure=False, ament_cmake_args=None, catkin_cmake_args=None, catkin_skip_building_tests=False, mixin_files=None, mixin=None, verb_parser=<colcon_mixin.mixin.mixin_argument.MixinArgumentDecorator object at 0x7305b25a2590>, verb_extension=<colcon_core.verb.build.BuildVerb object at 0x7305b25a1870>, main=<bound method BuildVerb.main of <colcon_core.verb.build.BuildVerb object at 0x7305b25a1870>>, mixin_verb=('build',))
[0.150s] Level 1:colcon.colcon_core.package_discovery:discover_packages(colcon_meta) check parameters
[0.150s] Level 1:colcon.colcon_core.package_discovery:discover_packages(recursive) check parameters
[0.150s] Level 1:colcon.colcon_core.package_discovery:discover_packages(ignore) check parameters
[0.150s] Level 1:colcon.colcon_core.package_discovery:discover_packages(path) check parameters
[0.150s] Level 1:colcon.colcon_core.package_discovery:discover_packages(colcon_meta) discover
[0.150s] Level 1:colcon.colcon_core.package_discovery:discover_packages(recursive) discover
[0.150s] INFO:colcon.colcon_core.package_discovery:Crawling recursively for packages in '/home/ubuntu/marrtinorobot2_ws'
[0.150s] Level 1:colcon.colcon_core.package_identification:_identify(.) by extensions ['ignore', 'ignore_ament_install']
[0.151s] Level 1:colcon.colcon_core.package_identification:_identify(.) by extension 'ignore'
[0.151s] Level 1:colcon.colcon_core.package_identification:_identify(.) by extension 'ignore_ament_install'
[0.151s] Level 1:colcon.colcon_core.package_identification:_identify(.) by extensions ['colcon_pkg']
[0.151s] Level 1:colcon.colcon_core.package_identification:_identify(.) by extension 'colcon_pkg'
[0.151s] Level 1:colcon.colcon_core.package_identification:_identify(.) by extensions ['colcon_meta']
[0.151s] Level 1:colcon.colcon_core.package_identification:_identify(.) by extension 'colcon_meta'
[0.151s] Level 1:colcon.colcon_core.package_identification:_identify(.) by extensions ['ros']
[0.151s] Level 1:colcon.colcon_core.package_identification:_identify(.) by extension 'ros'
[0.158s] Level 1:colcon.colcon_core.package_identification:_identify(.) by extensions ['cmake', 'python']
[0.159s] Level 1:colcon.colcon_core.package_identification:_identify(.) by extension 'cmake'
[0.159s] Level 1:colcon.colcon_core.package_identification:_identify(.) by extension 'python'
[0.159s] Level 1:colcon.colcon_core.package_identification:_identify(.) by extensions ['python_setup_py']
[0.159s] Level 1:colcon.colcon_core.package_identification:_identify(.) by extension 'python_setup_py'
[0.159s] Level 1:colcon.colcon_core.package_identification:_identify(build) by extensions ['ignore', 'ignore_ament_install']
[0.159s] Level 1:colcon.colcon_core.package_identification:_identify(build) by extension 'ignore'
[0.159s] Level 1:colcon.colcon_core.package_identification:_identify(build) ignored
[0.159s] Level 1:colcon.colcon_core.package_identification:_identify(etc) by extensions ['ignore', 'ignore_ament_install']
[0.159s] Level 1:colcon.colcon_core.package_identification:_identify(etc) by extension 'ignore'
[0.159s] Level 1:colcon.colcon_core.package_identification:_identify(etc) by extension 'ignore_ament_install'
[0.159s] Level 1:colcon.colcon_core.package_identification:_identify(etc) by extensions ['colcon_pkg']
[0.159s] Level 1:colcon.colcon_core.package_identification:_identify(etc) by extension 'colcon_pkg'
[0.159s] Level 1:colcon.colcon_core.package_identification:_identify(etc) by extensions ['colcon_meta']
[0.159s] Level 1:colcon.colcon_core.package_identification:_identify(etc) by extension 'colcon_meta'
[0.159s] Level 1:colcon.colcon_core.package_identification:_identify(etc) by extensions ['ros']
[0.159s] Level 1:colcon.colcon_core.package_identification:_identify(etc) by extension 'ros'
[0.159s] Level 1:colcon.colcon_core.package_identification:_identify(etc) by extensions ['cmake', 'python']
[0.159s] Level 1:colcon.colcon_core.package_identification:_identify(etc) by extension 'cmake'
[0.159s] Level 1:colcon.colcon_core.package_identification:_identify(etc) by extension 'python'
[0.159s] Level 1:colcon.colcon_core.package_identification:_identify(etc) by extensions ['python_setup_py']
[0.159s] Level 1:colcon.colcon_core.package_identification:_identify(etc) by extension 'python_setup_py'
[0.159s] Level 1:colcon.colcon_core.package_identification:_identify(etc/nginx) by extensions ['ignore', 'ignore_ament_install']
[0.159s] Level 1:colcon.colcon_core.package_identification:_identify(etc/nginx) by extension 'ignore'
[0.159s] Level 1:colcon.colcon_core.package_identification:_identify(etc/nginx) by extension 'ignore_ament_install'
[0.159s] Level 1:colcon.colcon_core.package_identification:_identify(etc/nginx) by extensions ['colcon_pkg']
[0.159s] Level 1:colcon.colcon_core.package_identification:_identify(etc/nginx) by extension 'colcon_pkg'
[0.159s] Level 1:colcon.colcon_core.package_identification:_identify(etc/nginx) by extensions ['colcon_meta']
[0.159s] Level 1:colcon.colcon_core.package_identification:_identify(etc/nginx) by extension 'colcon_meta'
[0.160s] Level 1:colcon.colcon_core.package_identification:_identify(etc/nginx) by extensions ['ros']
[0.160s] Level 1:colcon.colcon_core.package_identification:_identify(etc/nginx) by extension 'ros'
[0.160s] Level 1:colcon.colcon_core.package_identification:_identify(etc/nginx) by extensions ['cmake', 'python']
[0.160s] Level 1:colcon.colcon_core.package_identification:_identify(etc/nginx) by extension 'cmake'
[0.160s] Level 1:colcon.colcon_core.package_identification:_identify(etc/nginx) by extension 'python'
[0.160s] Level 1:colcon.colcon_core.package_identification:_identify(etc/nginx) by extensions ['python_setup_py']
[0.160s] Level 1:colcon.colcon_core.package_identification:_identify(etc/nginx) by extension 'python_setup_py'
[0.160s] Level 1:colcon.colcon_core.package_identification:_identify(etc/php) by extensions ['ignore', 'ignore_ament_install']
[0.160s] Level 1:colcon.colcon_core.package_identification:_identify(etc/php) by extension 'ignore'
[0.160s] Level 1:colcon.colcon_core.package_identification:_identify(etc/php) by extension 'ignore_ament_install'
[0.160s] Level 1:colcon.colcon_core.package_identification:_identify(etc/php) by extensions ['colcon_pkg']
[0.160s] Level 1:colcon.colcon_core.package_identification:_identify(etc/php) by extension 'colcon_pkg'
[0.160s] Level 1:colcon.colcon_core.package_identification:_identify(etc/php) by extensions ['colcon_meta']
[0.160s] Level 1:colcon.colcon_core.package_identification:_identify(etc/php) by extension 'colcon_meta'
[0.160s] Level 1:colcon.colcon_core.package_identification:_identify(etc/php) by extensions ['ros']
[0.160s] Level 1:colcon.colcon_core.package_identification:_identify(etc/php) by extension 'ros'
[0.160s] Level 1:colcon.colcon_core.package_identification:_identify(etc/php) by extensions ['cmake', 'python']
[0.160s] Level 1:colcon.colcon_core.package_identification:_identify(etc/php) by extension 'cmake'
[0.160s] Level 1:colcon.colcon_core.package_identification:_identify(etc/php) by extension 'python'
[0.160s] Level 1:colcon.colcon_core.package_identification:_identify(etc/php) by extensions ['python_setup_py']
[0.160s] Level 1:colcon.colcon_core.package_identification:_identify(etc/php) by extension 'python_setup_py'
[0.160s] Level 1:colcon.colcon_core.package_identification:_identify(etc/ssl) by extensions ['ignore', 'ignore_ament_install']
[0.160s] Level 1:colcon.colcon_core.package_identification:_identify(etc/ssl) by extension 'ignore'
[0.160s] Level 1:colcon.colcon_core.package_identification:_identify(etc/ssl) by extension 'ignore_ament_install'
[0.160s] Level 1:colcon.colcon_core.package_identification:_identify(etc/ssl) by extensions ['colcon_pkg']
[0.160s] Level 1:colcon.colcon_core.package_identification:_identify(etc/ssl) by extension 'colcon_pkg'
[0.160s] Level 1:colcon.colcon_core.package_identification:_identify(etc/ssl) by extensions ['colcon_meta']
[0.160s] Level 1:colcon.colcon_core.package_identification:_identify(etc/ssl) by extension 'colcon_meta'
[0.160s] Level 1:colcon.colcon_core.package_identification:_identify(etc/ssl) by extensions ['ros']
[0.160s] Level 1:colcon.colcon_core.package_identification:_identify(etc/ssl) by extension 'ros'
[0.160s] Level 1:colcon.colcon_core.package_identification:_identify(etc/ssl) by extensions ['cmake', 'python']
[0.160s] Level 1:colcon.colcon_core.package_identification:_identify(etc/ssl) by extension 'cmake'
[0.160s] Level 1:colcon.colcon_core.package_identification:_identify(etc/ssl) by extension 'python'
[0.161s] Level 1:colcon.colcon_core.package_identification:_identify(etc/ssl) by extensions ['python_setup_py']
[0.161s] Level 1:colcon.colcon_core.package_identification:_identify(etc/ssl) by extension 'python_setup_py'
[0.161s] Level 1:colcon.colcon_core.package_identification:_identify(install) by extensions ['ignore', 'ignore_ament_install']
[0.161s] Level 1:colcon.colcon_core.package_identification:_identify(install) by extension 'ignore'
[0.161s] Level 1:colcon.colcon_core.package_identification:_identify(install) ignored
[0.161s] Level 1:colcon.colcon_core.package_identification:_identify(log) by extensions ['ignore', 'ignore_ament_install']
[0.161s] Level 1:colcon.colcon_core.package_identification:_identify(log) by extension 'ignore'
[0.161s] Level 1:colcon.colcon_core.package_identification:_identify(log) ignored
[0.161s] Level 1:colcon.colcon_core.package_identification:_identify(src) by extensions ['ignore', 'ignore_ament_install']
[0.161s] Level 1:colcon.colcon_core.package_identification:_identify(src) by extension 'ignore'
[0.161s] Level 1:colcon.colcon_core.package_identification:_identify(src) by extension 'ignore_ament_install'
[0.161s] Level 1:colcon.colcon_core.package_identification:_identify(src) by extensions ['colcon_pkg']
[0.161s] Level 1:colcon.colcon_core.package_identification:_identify(src) by extension 'colcon_pkg'
[0.161s] Level 1:colcon.colcon_core.package_identification:_identify(src) by extensions ['colcon_meta']
[0.161s] Level 1:colcon.colcon_core.package_identification:_identify(src) by extension 'colcon_meta'
[0.161s] Level 1:colcon.colcon_core.package_identification:_identify(src) by extensions ['ros']
[0.161s] Level 1:colcon.colcon_core.package_identification:_identify(src) by extension 'ros'
[0.161s] Level 1:colcon.colcon_core.package_identification:_identify(src) by extensions ['cmake', 'python']
[0.161s] Level 1:colcon.colcon_core.package_identification:_identify(src) by extension 'cmake'
[0.161s] Level 1:colcon.colcon_core.package_identification:_identify(src) by extension 'python'
[0.161s] Level 1:colcon.colcon_core.package_identification:_identify(src) by extensions ['python_setup_py']
[0.161s] Level 1:colcon.colcon_core.package_identification:_identify(src) by extension 'python_setup_py'
[0.161s] Level 1:colcon.colcon_core.package_identification:_identify(src/micro_ros_setup) by extensions ['ignore', 'ignore_ament_install']
[0.161s] Level 1:colcon.colcon_core.package_identification:_identify(src/micro_ros_setup) by extension 'ignore'
[0.161s] Level 1:colcon.colcon_core.package_identification:_identify(src/micro_ros_setup) by extension 'ignore_ament_install'
[0.161s] Level 1:colcon.colcon_core.package_identification:_identify(src/micro_ros_setup) by extensions ['colcon_pkg']
[0.161s] Level 1:colcon.colcon_core.package_identification:_identify(src/micro_ros_setup) by extension 'colcon_pkg'
[0.161s] Level 1:colcon.colcon_core.package_identification:_identify(src/micro_ros_setup) by extensions ['colcon_meta']
[0.161s] Level 1:colcon.colcon_core.package_identification:_identify(src/micro_ros_setup) by extension 'colcon_meta'
[0.161s] Level 1:colcon.colcon_core.package_identification:_identify(src/micro_ros_setup) by extensions ['ros']
[0.161s] Level 1:colcon.colcon_core.package_identification:_identify(src/micro_ros_setup) by extension 'ros'
[0.163s] DEBUG:colcon.colcon_core.package_identification:Package 'src/micro_ros_setup' with type 'ros.ament_cmake' and name 'micro_ros_setup'
[0.163s] Level 1:colcon.colcon_core.package_discovery:discover_packages(recursive) using defaults
[0.163s] Level 1:colcon.colcon_core.package_discovery:discover_packages(ignore) discover
[0.163s] Level 1:colcon.colcon_core.package_discovery:discover_packages(ignore) using defaults
[0.163s] Level 1:colcon.colcon_core.package_discovery:discover_packages(path) discover
[0.163s] Level 1:colcon.colcon_core.package_discovery:discover_packages(path) using defaults
[0.178s] Level 5:colcon.colcon_core.verb:set package 'micro_ros_setup' build argument 'cmake_args' from command line to 'None'
[0.178s] Level 5:colcon.colcon_core.verb:set package 'micro_ros_setup' build argument 'cmake_target' from command line to 'None'
[0.178s] Level 5:colcon.colcon_core.verb:set package 'micro_ros_setup' build argument 'cmake_target_skip_unavailable' from command line to 'False'
[0.178s] Level 5:colcon.colcon_core.verb:set package 'micro_ros_setup' build argument 'cmake_clean_cache' from command line to 'False'
[0.178s] Level 5:colcon.colcon_core.verb:set package 'micro_ros_setup' build argument 'cmake_clean_first' from command line to 'False'
[0.178s] Level 5:colcon.colcon_core.verb:set package 'micro_ros_setup' build argument 'cmake_force_configure' from command line to 'False'
[0.178s] Level 5:colcon.colcon_core.verb:set package 'micro_ros_setup' build argument 'ament_cmake_args' from command line to 'None'
[0.178s] Level 5:colcon.colcon_core.verb:set package 'micro_ros_setup' build argument 'catkin_cmake_args' from command line to 'None'
[0.178s] Level 5:colcon.colcon_core.verb:set package 'micro_ros_setup' build argument 'catkin_skip_building_tests' from command line to 'False'
[0.178s] DEBUG:colcon.colcon_core.verb:Building package 'micro_ros_setup' with the following arguments: {'ament_cmake_args': None, 'build_base': '/home/ubuntu/marrtinorobot2_ws/build/micro_ros_setup', 'catkin_cmake_args': None, 'catkin_skip_building_tests': False, 'cmake_args': None, 'cmake_clean_cache': False, 'cmake_clean_first': False, 'cmake_force_configure': False, 'cmake_target': None, 'cmake_target_skip_unavailable': False, 'install_base': '/home/ubuntu/marrtinorobot2_ws/install/micro_ros_setup', 'merge_install': False, 'path': '/home/ubuntu/marrtinorobot2_ws/src/micro_ros_setup', 'symlink_install': False, 'test_result_base': None}
[0.178s] INFO:colcon.colcon_core.executor:Executing jobs using 'parallel' executor
[0.179s] DEBUG:colcon.colcon_parallel_executor.executor.parallel:run_until_complete
[0.179s] INFO:colcon.colcon_ros.task.ament_cmake.build:Building ROS package in '/home/ubuntu/marrtinorobot2_ws/src/micro_ros_setup' with build type 'ament_cmake'
[0.179s] INFO:colcon.colcon_cmake.task.cmake.build:Building CMake package in '/home/ubuntu/marrtinorobot2_ws/src/micro_ros_setup'
[0.181s] INFO:colcon.colcon_core.plugin_system:Skipping extension 'colcon_core.shell.bat': Not used on non-Windows systems
[0.181s] INFO:colcon.colcon_core.shell:Skip shell extension 'powershell' for command environment: Not usable outside of PowerShell
[0.181s] DEBUG:colcon.colcon_core.shell:Skip shell extension 'dsv' for command environment
[0.186s] DEBUG:colcon.colcon_core.event_handler.log_command:Invoking command in '/home/ubuntu/marrtinorobot2_ws/build/micro_ros_setup': CMAKE_PREFIX_PATH=/opt/ros/humble /usr/bin/cmake /home/ubuntu/marrtinorobot2_ws/src/micro_ros_setup -DCMAKE_INSTALL_PREFIX=/home/ubuntu/marrtinorobot2_ws/install/micro_ros_setup
[0.591s] DEBUG:colcon.colcon_core.event_handler.log_command:Invoked command in '/home/ubuntu/marrtinorobot2_ws/build/micro_ros_setup' returned '0': CMAKE_PREFIX_PATH=/opt/ros/humble /usr/bin/cmake /home/ubuntu/marrtinorobot2_ws/src/micro_ros_setup -DCMAKE_INSTALL_PREFIX=/home/ubuntu/marrtinorobot2_ws/install/micro_ros_setup
[0.593s] DEBUG:colcon.colcon_core.event_handler.log_command:Invoking command in '/home/ubuntu/marrtinorobot2_ws/build/micro_ros_setup': CMAKE_PREFIX_PATH=/opt/ros/humble /usr/bin/cmake --build /home/ubuntu/marrtinorobot2_ws/build/micro_ros_setup -- -j8 -l8
[0.619s] DEBUG:colcon.colcon_core.event_handler.log_command:Invoked command in '/home/ubuntu/marrtinorobot2_ws/build/micro_ros_setup' returned '0': CMAKE_PREFIX_PATH=/opt/ros/humble /usr/bin/cmake --build /home/ubuntu/marrtinorobot2_ws/build/micro_ros_setup -- -j8 -l8
[0.626s] DEBUG:colcon.colcon_core.event_handler.log_command:Invoking command in '/home/ubuntu/marrtinorobot2_ws/build/micro_ros_setup': CMAKE_PREFIX_PATH=/opt/ros/humble /usr/bin/cmake --install /home/ubuntu/marrtinorobot2_ws/build/micro_ros_setup
[0.643s] Level 1:colcon.colcon_core.environment:create_environment_scripts_only(micro_ros_setup)
[0.643s] DEBUG:colcon.colcon_core.event_handler.log_command:Invoked command in '/home/ubuntu/marrtinorobot2_ws/build/micro_ros_setup' returned '0': CMAKE_PREFIX_PATH=/opt/ros/humble /usr/bin/cmake --install /home/ubuntu/marrtinorobot2_ws/build/micro_ros_setup
[0.645s] Level 1:colcon.colcon_core.environment:checking '/home/ubuntu/marrtinorobot2_ws/install/micro_ros_setup' for CMake module files
[0.646s] Level 1:colcon.colcon_core.environment:checking '/home/ubuntu/marrtinorobot2_ws/install/micro_ros_setup' for CMake config files
[0.646s] Level 1:colcon.colcon_core.shell:create_environment_hook('micro_ros_setup', 'cmake_prefix_path')
[0.646s] INFO:colcon.colcon_core.shell:Creating environment hook '/home/ubuntu/marrtinorobot2_ws/install/micro_ros_setup/share/micro_ros_setup/hook/cmake_prefix_path.ps1'
[0.646s] INFO:colcon.colcon_core.shell:Creating environment descriptor '/home/ubuntu/marrtinorobot2_ws/install/micro_ros_setup/share/micro_ros_setup/hook/cmake_prefix_path.dsv'
[0.647s] INFO:colcon.colcon_core.shell:Creating environment hook '/home/ubuntu/marrtinorobot2_ws/install/micro_ros_setup/share/micro_ros_setup/hook/cmake_prefix_path.sh'
[0.647s] Level 1:colcon.colcon_core.environment:checking '/home/ubuntu/marrtinorobot2_ws/install/micro_ros_setup/lib'
[0.647s] Level 1:colcon.colcon_core.environment:checking '/home/ubuntu/marrtinorobot2_ws/install/micro_ros_setup/bin'
[0.648s] Level 1:colcon.colcon_core.environment:checking '/home/ubuntu/marrtinorobot2_ws/install/micro_ros_setup/lib/pkgconfig/micro_ros_setup.pc'
[0.649s] Level 1:colcon.colcon_core.environment:checking '/home/ubuntu/marrtinorobot2_ws/install/micro_ros_setup/lib/python3.10/site-packages'
[0.649s] Level 1:colcon.colcon_core.environment:checking '/home/ubuntu/marrtinorobot2_ws/install/micro_ros_setup/bin'
[0.649s] INFO:colcon.colcon_core.shell:Creating package script '/home/ubuntu/marrtinorobot2_ws/install/micro_ros_setup/share/micro_ros_setup/package.ps1'
[0.650s] INFO:colcon.colcon_core.shell:Creating package descriptor '/home/ubuntu/marrtinorobot2_ws/install/micro_ros_setup/share/micro_ros_setup/package.dsv'
[0.650s] INFO:colcon.colcon_core.shell:Creating package script '/home/ubuntu/marrtinorobot2_ws/install/micro_ros_setup/share/micro_ros_setup/package.sh'
[0.651s] INFO:colcon.colcon_core.shell:Creating package script '/home/ubuntu/marrtinorobot2_ws/install/micro_ros_setup/share/micro_ros_setup/package.bash'
[0.652s] INFO:colcon.colcon_core.shell:Creating package script '/home/ubuntu/marrtinorobot2_ws/install/micro_ros_setup/share/micro_ros_setup/package.zsh'
[0.652s] Level 1:colcon.colcon_core.environment:create_file_with_runtime_dependencies(/home/ubuntu/marrtinorobot2_ws/install/micro_ros_setup/share/colcon-core/packages/micro_ros_setup)
[0.653s] Level 1:colcon.colcon_core.environment:create_environment_scripts_only(micro_ros_setup)
[0.653s] Level 1:colcon.colcon_core.environment:checking '/home/ubuntu/marrtinorobot2_ws/install/micro_ros_setup' for CMake module files
[0.653s] Level 1:colcon.colcon_core.environment:checking '/home/ubuntu/marrtinorobot2_ws/install/micro_ros_setup' for CMake config files
[0.653s] Level 1:colcon.colcon_core.shell:create_environment_hook('micro_ros_setup', 'cmake_prefix_path')
[0.654s] INFO:colcon.colcon_core.shell:Creating environment hook '/home/ubuntu/marrtinorobot2_ws/install/micro_ros_setup/share/micro_ros_setup/hook/cmake_prefix_path.ps1'
[0.654s] INFO:colcon.colcon_core.shell:Creating environment descriptor '/home/ubuntu/marrtinorobot2_ws/install/micro_ros_setup/share/micro_ros_setup/hook/cmake_prefix_path.dsv'
[0.654s] INFO:colcon.colcon_core.shell:Creating environment hook '/home/ubuntu/marrtinorobot2_ws/install/micro_ros_setup/share/micro_ros_setup/hook/cmake_prefix_path.sh'
[0.655s] Level 1:colcon.colcon_core.environment:checking '/home/ubuntu/marrtinorobot2_ws/install/micro_ros_setup/lib'
[0.655s] Level 1:colcon.colcon_core.environment:checking '/home/ubuntu/marrtinorobot2_ws/install/micro_ros_setup/bin'
[0.655s] Level 1:colcon.colcon_core.environment:checking '/home/ubuntu/marrtinorobot2_ws/install/micro_ros_setup/lib/pkgconfig/micro_ros_setup.pc'
[0.655s] Level 1:colcon.colcon_core.environment:checking '/home/ubuntu/marrtinorobot2_ws/install/micro_ros_setup/lib/python3.10/site-packages'
[0.655s] Level 1:colcon.colcon_core.environment:checking '/home/ubuntu/marrtinorobot2_ws/install/micro_ros_setup/bin'
[0.655s] INFO:colcon.colcon_core.shell:Creating package script '/home/ubuntu/marrtinorobot2_ws/install/micro_ros_setup/share/micro_ros_setup/package.ps1'
[0.656s] INFO:colcon.colcon_core.shell:Creating package descriptor '/home/ubuntu/marrtinorobot2_ws/install/micro_ros_setup/share/micro_ros_setup/package.dsv'
[0.656s] INFO:colcon.colcon_core.shell:Creating package script '/home/ubuntu/marrtinorobot2_ws/install/micro_ros_setup/share/micro_ros_setup/package.sh'
[0.656s] INFO:colcon.colcon_core.shell:Creating package script '/home/ubuntu/marrtinorobot2_ws/install/micro_ros_setup/share/micro_ros_setup/package.bash'
[0.657s] INFO:colcon.colcon_core.shell:Creating package script '/home/ubuntu/marrtinorobot2_ws/install/micro_ros_setup/share/micro_ros_setup/package.zsh'
[0.657s] Level 1:colcon.colcon_core.environment:create_file_with_runtime_dependencies(/home/ubuntu/marrtinorobot2_ws/install/micro_ros_setup/share/colcon-core/packages/micro_ros_setup)
[0.657s] DEBUG:colcon.colcon_parallel_executor.executor.parallel:closing loop
[0.657s] DEBUG:colcon.colcon_parallel_executor.executor.parallel:loop closed
[0.657s] DEBUG:colcon.colcon_parallel_executor.executor.parallel:run_until_complete finished with '0'
[0.657s] DEBUG:colcon.colcon_core.event_reactor:joining thread
[0.662s] INFO:colcon.colcon_core.plugin_system:Skipping extension 'colcon_notification.desktop_notification.notify_send': Could not find 'notify-send'
[0.662s] INFO:colcon.colcon_core.plugin_system:Skipping extension 'colcon_notification.desktop_notification.terminal_notifier': Not used on non-Darwin systems
[0.662s] INFO:colcon.colcon_core.plugin_system:Skipping extension 'colcon_notification.desktop_notification.win32': Not used on non-Windows systems
[0.662s] INFO:colcon.colcon_notification.desktop_notification:Sending desktop notification using 'notify2'
[0.662s] DEBUG:colcon.colcon_notification.desktop_notification.notify2:Failed to initialize notify2: org.freedesktop.DBus.Error.NotSupported: Unable to autolaunch a dbus-daemon without a $DISPLAY for X11
[0.662s] DEBUG:colcon.colcon_core.event_reactor:joined thread
[0.663s] INFO:colcon.colcon_core.shell:Creating prefix script '/home/ubuntu/marrtinorobot2_ws/install/local_setup.ps1'
[0.663s] INFO:colcon.colcon_core.shell:Creating prefix util module '/home/ubuntu/marrtinorobot2_ws/install/_local_setup_util_ps1.py'
[0.664s] INFO:colcon.colcon_core.shell:Creating prefix chain script '/home/ubuntu/marrtinorobot2_ws/install/setup.ps1'
[0.665s] INFO:colcon.colcon_core.shell:Creating prefix script '/home/ubuntu/marrtinorobot2_ws/install/local_setup.sh'
[0.666s] INFO:colcon.colcon_core.shell:Creating prefix util module '/home/ubuntu/marrtinorobot2_ws/install/_local_setup_util_sh.py'
[0.666s] INFO:colcon.colcon_core.shell:Creating prefix chain script '/home/ubuntu/marrtinorobot2_ws/install/setup.sh'
[0.667s] INFO:colcon.colcon_core.shell:Creating prefix script '/home/ubuntu/marrtinorobot2_ws/install/local_setup.bash'
[0.667s] INFO:colcon.colcon_core.shell:Creating prefix chain script '/home/ubuntu/marrtinorobot2_ws/install/setup.bash'
[0.668s] INFO:colcon.colcon_core.shell:Creating prefix script '/home/ubuntu/marrtinorobot2_ws/install/local_setup.zsh'
[0.668s] INFO:colcon.colcon_core.shell:Creating prefix chain script '/home/ubuntu/marrtinorobot2_ws/install/setup.zsh'
